D:\CONSOLEX\DYNAMICALLOCATIONEX\DYNAMICALLOCATIONEX\DEBUG\ALLOCATION.OBJ
D:\CONSOLEX\DYNAMICALLOCATIONEX\DYNAMICALLOCATIONEX\DEBUG\VC110.PDB
D:\CONSOLEX\DYNAMICALLOCATIONEX\DEBUG\DYNAMICALLOCATIONEX.ILK
D:\CONSOLEX\DYNAMICALLOCATIONEX\DEBUG\DYNAMICALLOCATIONEX.EXE
D:\CONSOLEX\DYNAMICALLOCATIONEX\DEBUG\DYNAMICALLOCATIONEX.PDB
D:\ConsolEx\DynamicAllocationEx\DynamicAllocationEx\Debug\Allocation.obj
D:\ConsolEx\DynamicAllocationEx\DynamicAllocationEx\Debug\cl.command.1.tlog
D:\ConsolEx\DynamicAllocationEx\DynamicAllocationEx\Debug\CL.read.1.tlog
D:\ConsolEx\DynamicAllocationEx\DynamicAllocationEx\Debug\CL.write.1.tlog
D:\ConsolEx\DynamicAllocationEx\DynamicAllocationEx\Debug\link-cvtres.read.1.tlog
D:\ConsolEx\DynamicAllocationEx\DynamicAllocationEx\Debug\link-cvtres.write.1.tlog
D:\ConsolEx\DynamicAllocationEx\DynamicAllocationEx\Debug\link-rc.read.1.tlog
D:\ConsolEx\DynamicAllocationEx\DynamicAllocationEx\Debug\link-rc.write.1.tlog
D:\ConsolEx\DynamicAllocationEx\DynamicAllocationEx\Debug\link.command.1.tlog
D:\ConsolEx\DynamicAllocationEx\DynamicAllocationEx\Debug\link.read.1.tlog
D:\ConsolEx\DynamicAllocationEx\DynamicAllocationEx\Debug\link.write.1.tlog
D:\ConsolEx\DynamicAllocationEx\DynamicAllocationEx\Debug\vc110.idb
D:\ConsolEx\DynamicAllocationEx\DynamicAllocationEx\Debug\vc110.pdb
D:\ConsolEx\DynamicAllocationEx\Debug\DynamicAllocationEx.pdb
D:\ConsolEx\DynamicAllocationEx\Debug\DynamicAllocationEx.exe
D:\ConsolEx\DynamicAllocationEx\Debug\DynamicAllocationEx.ilk
